Arguments: 
  /Users/kalilmvp/.nvm/versions/node/v12.3.1/bin/node /usr/local/Cellar/yarn/1.22.10/libexec/bin/yarn.js install

PATH: 
  /Users/kalilmvp/.nvm/versions/node/v12.3.1/bin:/usr/bin:/Users/kalilmvp/anaconda3/bin:/Users/kalilmvp/Documents/Development/flutter/bin:/opt/local/bin:/opt/local/sbin:/usr/local/bin:/Users/kalilmvp/.rvm/gems/ruby-1.9.3-p362/bin:/Users/kalilmvp/.rvm/gems/ruby-1.9.3-p362@global/bin:/Users/kalilmvp/.rvm/rubies/ruby-1.9.3-p362/bin:/Users/kalilmvp/.rvm/bin:/usr/local/bin:/usr/bin:/bin:/usr/sbin:/sbin:/Applications/VMware Fusion.app/Contents/Public:/usr/local/go/bin:/opt/X11/bin:/Library/Apple/usr/bin:/Applications/Wireshark.app/Contents/MacOS:/Users/kalilmvp/.nvm/versions/node/v12.3.1/bin:/Users/kalilmvp/anaconda3/bin:/Users/kalilmvp/Documents/Development/flutter/bin:/opt/local/bin:/opt/local/sbin:/Users/kalilmvp/.rvm/gems/ruby-1.9.3-p362/bin:/Users/kalilmvp/.rvm/gems/ruby-1.9.3-p362@global/bin:/Users/kalilmvp/.rvm/rubies/ruby-1.9.3-p362/bin:/Users/kalilmvp/.rvm/bin:/Users/kalilmvp/.ec2/bin:/Library/Java/JavaVirtualMachines/jdk1.8.0_151.jdk/Contents/Home/bin:/Users/kalilmvp/Documents/Development/apache-maven-3.6.3//bin:/Users/kalilmvp/Documents/Development/groovy-2.4.4/bin:/Users/kalilmvp/Documents/Development/forge/bin:/usr/local/Cellar/mysql/5.6.27/bin:/Users/kalilmvp/Documents/Development/mongodb-osx-x86_64-3.4.5/bin:{GOPATH}/bin:/Users/kalilmvp/Documents/Development/kafka_2.12-2.0.0/bin:/usr/local/bin/svn:/Users/kalilmvp/.ec2/bin:/Library/Java/JavaVirtualMachines/jdk1.8.0_151.jdk/Contents/Home/bin:/Users/kalilmvp/Documents/Development/apache-maven-3.6.3//bin:/Users/kalilmvp/Documents/Development/groovy-2.4.4/bin:/Users/kalilmvp/Documents/Development/forge/bin:/usr/local/Cellar/mysql/5.6.27/bin:/Users/kalilmvp/Documents/Development/mongodb-osx-x86_64-3.4.5/bin:{GOPATH}/bin:/Users/kalilmvp/Documents/Development/kafka_2.12-2.0.0/bin:/usr/local/bin/svn

Yarn version: 
  1.22.10

Node version: 
  12.3.1

Platform: 
  darwin x64

Trace: 
  Error: getaddrinfo ENOTFOUND nexus.jupiter.co.ao
      at GetAddrInfoReqWrap.onlookup [as oncomplete] (dns.js:60:26)

npm manifest: 
  {
    "name": "01-github-explorer",
    "version": "1.0.0",
    "main": "index.js",
    "license": "MIT",
    "scripts": {
      "dev": "webpack serve",
      "build": "cross-env NODE_ENV=production webpack",
      "test": "jest --watchAll"
    },
    "dependencies": {
      "react": "^17.0.1",
      "react-dom": "^17.0.1",
      "react-icons": "^4.2.0"
    },
    "devDependencies": {
      "@babel/cli": "^7.12.10",
      "@babel/core": "^7.12.10",
      "@babel/preset-env": "^7.12.11",
      "@babel/preset-react": "^7.12.10",
      "@babel/preset-typescript": "^7.12.7",
      "@pmmmwh/react-refresh-webpack-plugin": "^0.4.3",
      "@testing-library/jest-dom": "^5.11.9",
      "@testing-library/react": "^11.2.5",
      "@types/react-dom": "^17.0.0",
      "babel-loader": "^8.2.2",
      "babel-preset-react-app": "^10.0.0",
      "cross-env": "^7.0.3",
      "css-loader": "^5.0.1",
      "html-webpack-plugin": "^4.5.1",
      "identity-obj-proxy": "^3.0.0",
      "jest": "^26.6.3",
      "node-sass": "^5.0.0",
      "react-app-polyfill": "^2.0.0",
      "react-refresh": "^0.9.0",
      "sass-loader": "^10.1.1",
      "style-loader": "^2.0.0",
      "ts-node": "^9.1.1",
      "typescript": "^4.1.3",
      "webpack": "^5.17.0",
      "webpack-cli": "^4.4.0",
      "webpack-dev-server": "^3.11.2"
    }
  }

yarn manifest: 
  No manifest

Lockfile: 
  No lockfile
